---------------------------------------------------------------
[ 2017-11-16T09:43:39+08:00 ] ::1 ::1 GET /ctt-ms-app/perinfo
[ info ] localhost/ctt-ms-app/perinfo [运行时间：0.736235s][吞吐率：1.36req/s] [内存消耗：2,183.32kb] [文件加载：44]
[ info ] [ LANG ] E:\code\php\CTT-MS-app\thinkphp\lang\zh-cn.php
[ info ] [ ROUTE ] array (
  'type' => 'module',
  'module' => 
  array (
    0 => 'index',
    1 => 'PerInfo',
    2 => 'index',
  ),
  'convert' => false,
)
[ info ] [ HEADER ] array (
  'host' => 'localhost',
  'connection' => 'keep-alive',
  'user-agent' => 'Mozilla/5.0 (Windows NT 10.0; Win64; x64) AppleWebKit/537.36 (KHTML, like Gecko) Chrome/62.0.3202.89 Safari/537.36',
  'upgrade-insecure-requests' => '1',
  'accept' => 'text/html,application/xhtml+xml,application/xml;q=0.9,image/webp,image/apng,*/*;q=0.8',
  'accept-encoding' => 'gzip, deflate, br',
  'accept-language' => 'zh-CN,zh;q=0.9',
  'cookie' => 'sessionid=ju6w82dp7v5kfniqmkqyz8oyr95hoi84; csrftoken=hP2kz6A2TThNEpfhLAqDRyRBIL6N1BjynFRQQe1Pbmw1jSePrYpG4BFXC6lWgmlw; pgv_pvi=4484905984',
)
[ info ] [ PARAM ] array (
)
[ info ] [ LOG ] INIT File
---------------------------------------------------------------
[ 2017-11-16T09:46:20+08:00 ] ::1 ::1 GET /ctt-ms-app/login?staffname=123123&password=123123
[ info ] localhost/ctt-ms-app/login?staffname=123123&password=123123 [运行时间：0.308548s][吞吐率：3.24req/s] [内存消耗：3,276.57kb] [文件加载：53]
[ info ] [ LANG ] E:\code\php\CTT-MS-app\thinkphp\lang\zh-cn.php
[ info ] [ ROUTE ] array (
  'type' => 'module',
  'module' => 
  array (
    0 => 'index',
    1 => 'Auth',
    2 => 'login',
  ),
  'convert' => false,
)
[ info ] [ HEADER ] array (
  'host' => 'localhost',
  'connection' => 'keep-alive',
  'user-agent' => 'Mozilla/5.0 (Windows NT 10.0; Win64; x64) AppleWebKit/537.36 (KHTML, like Gecko) Chrome/62.0.3202.89 Safari/537.36',
  'upgrade-insecure-requests' => '1',
  'accept' => 'text/html,application/xhtml+xml,application/xml;q=0.9,image/webp,image/apng,*/*;q=0.8',
  'accept-encoding' => 'gzip, deflate, br',
  'accept-language' => 'zh-CN,zh;q=0.9',
  'cookie' => 'sessionid=ju6w82dp7v5kfniqmkqyz8oyr95hoi84; csrftoken=hP2kz6A2TThNEpfhLAqDRyRBIL6N1BjynFRQQe1Pbmw1jSePrYpG4BFXC6lWgmlw; pgv_pvi=4484905984',
)
[ info ] [ PARAM ] array (
  'staffname' => '123123',
  'password' => '123123',
)
[ info ] [ RUN ] app\index\controller\Auth->login[ E:\code\php\CTT-MS-app\application\index\controller\Auth.php ]
[ info ] [ DB ] INIT mysql
[ info ] [ LOG ] INIT File
[ sql ] [ DB ] CONNECT:[ UseTime:0.001607s ] mysql:host=127.0.0.1;dbname=ctt-ms;charset=utf8
[ sql ] [ SQL ] SHOW COLUMNS FROM `staff` [ RunTime:0.001360s ]
[ sql ] [ SQL ] SELECT * FROM `staff` WHERE  `phone` = '123123' LIMIT 1 [ RunTime:0.000604s ]
[ sql ] [ SQL ] UPDATE `staff`  SET `cookie_name`='3a193cc704cf756e9365c44da6c51d87'  WHERE  `phone` = '123123' [ RunTime:0.000515s ]
---------------------------------------------------------------
[ 2017-11-16T09:46:28+08:00 ] ::1 ::1 GET /ctt-ms-app/perinfo
[ info ] localhost/ctt-ms-app/perinfo [运行时间：0.049522s][吞吐率：20.19req/s] [内存消耗：3,696.41kb] [文件加载：57]
[ info ] [ LANG ] E:\code\php\CTT-MS-app\thinkphp\lang\zh-cn.php
[ info ] [ ROUTE ] array (
  'type' => 'module',
  'module' => 
  array (
    0 => 'index',
    1 => 'PerInfo',
    2 => 'index',
  ),
  'convert' => false,
)
[ info ] [ HEADER ] array (
  'host' => 'localhost',
  'connection' => 'keep-alive',
  'cache-control' => 'max-age=0',
  'user-agent' => 'Mozilla/5.0 (Windows NT 10.0; Win64; x64) AppleWebKit/537.36 (KHTML, like Gecko) Chrome/62.0.3202.89 Safari/537.36',
  'upgrade-insecure-requests' => '1',
  'accept' => 'text/html,application/xhtml+xml,application/xml;q=0.9,image/webp,image/apng,*/*;q=0.8',
  'accept-encoding' => 'gzip, deflate, br',
  'accept-language' => 'zh-CN,zh;q=0.9',
  'cookie' => 'sessionid=ju6w82dp7v5kfniqmkqyz8oyr95hoi84; csrftoken=hP2kz6A2TThNEpfhLAqDRyRBIL6N1BjynFRQQe1Pbmw1jSePrYpG4BFXC6lWgmlw; pgv_pvi=4484905984; staffname=3a193cc704cf756e9365c44da6c51d87',
)
[ info ] [ PARAM ] array (
)
[ info ] [ DB ] INIT mysql
[ info ] [ RUN ] app\index\controller\PerInfo->index[ E:\code\php\CTT-MS-app\application\index\controller\PerInfo.php ]
[ info ] [ LOG ] INIT File
[ sql ] [ DB ] CONNECT:[ UseTime:0.001621s ] mysql:host=127.0.0.1;dbname=ctt-ms;charset=utf8
[ sql ] [ SQL ] SHOW COLUMNS FROM `staff` [ RunTime:0.000956s ]
[ sql ] [ SQL ] SELECT * FROM `staff` WHERE  `cookie_name` = '3a193cc704cf756e9365c44da6c51d87' LIMIT 1 [ RunTime:0.000545s ]
---------------------------------------------------------------
[ 2017-11-16T10:07:09+08:00 ] ::1 ::1 GET /ctt-ms-app/perinfo
[ info ] localhost/ctt-ms-app/perinfo [运行时间：0.219121s][吞吐率：4.56req/s] [内存消耗：3,747.17kb] [文件加载：59]
[ info ] [ LANG ] E:\code\php\CTT-MS-app\thinkphp\lang\zh-cn.php
[ info ] [ ROUTE ] array (
  'type' => 'module',
  'module' => 
  array (
    0 => 'index',
    1 => 'PerInfo',
    2 => 'index',
  ),
  'convert' => false,
)
[ info ] [ HEADER ] array (
  'host' => 'localhost',
  'connection' => 'keep-alive',
  'cache-control' => 'max-age=0',
  'user-agent' => 'Mozilla/5.0 (Windows NT 10.0; Win64; x64) AppleWebKit/537.36 (KHTML, like Gecko) Chrome/62.0.3202.89 Safari/537.36',
  'upgrade-insecure-requests' => '1',
  'accept' => 'text/html,application/xhtml+xml,application/xml;q=0.9,image/webp,image/apng,*/*;q=0.8',
  'accept-encoding' => 'gzip, deflate, br',
  'accept-language' => 'zh-CN,zh;q=0.9',
  'cookie' => 'sessionid=ju6w82dp7v5kfniqmkqyz8oyr95hoi84; csrftoken=hP2kz6A2TThNEpfhLAqDRyRBIL6N1BjynFRQQe1Pbmw1jSePrYpG4BFXC6lWgmlw; pgv_pvi=4484905984; staffname=3a193cc704cf756e9365c44da6c51d87',
)
[ info ] [ PARAM ] array (
)
[ info ] [ DB ] INIT mysql
[ info ] [ RUN ] app\index\controller\PerInfo->index[ E:\code\php\CTT-MS-app\application\index\controller\PerInfo.php ]
[ info ] [ LOG ] INIT File
[ sql ] [ DB ] CONNECT:[ UseTime:0.001490s ] mysql:host=127.0.0.1;dbname=ctt-ms;charset=utf8
[ sql ] [ SQL ] SHOW COLUMNS FROM `staff` [ RunTime:0.001087s ]
[ sql ] [ SQL ] SELECT * FROM `staff` WHERE  `cookie_name` = '3a193cc704cf756e9365c44da6c51d87' LIMIT 1 [ RunTime:0.000620s ]
[ error ] [0]致命错误: Call to a member function hidden() on array[E:\code\php\CTT-MS-app\application\index\controller\PerInfo.php:20]
---------------------------------------------------------------
[ 2017-11-16T10:07:10+08:00 ] ::1 ::1 GET /ctt-ms-app/perinfo
[ info ] localhost/ctt-ms-app/perinfo [运行时间：0.036130s][吞吐率：27.68req/s] [内存消耗：3,747.17kb] [文件加载：59]
[ info ] [ LANG ] E:\code\php\CTT-MS-app\thinkphp\lang\zh-cn.php
[ info ] [ ROUTE ] array (
  'type' => 'module',
  'module' => 
  array (
    0 => 'index',
    1 => 'PerInfo',
    2 => 'index',
  ),
  'convert' => false,
)
[ info ] [ HEADER ] array (
  'host' => 'localhost',
  'connection' => 'keep-alive',
  'cache-control' => 'max-age=0',
  'user-agent' => 'Mozilla/5.0 (Windows NT 10.0; Win64; x64) AppleWebKit/537.36 (KHTML, like Gecko) Chrome/62.0.3202.89 Safari/537.36',
  'upgrade-insecure-requests' => '1',
  'accept' => 'text/html,application/xhtml+xml,application/xml;q=0.9,image/webp,image/apng,*/*;q=0.8',
  'accept-encoding' => 'gzip, deflate, br',
  'accept-language' => 'zh-CN,zh;q=0.9',
  'cookie' => 'sessionid=ju6w82dp7v5kfniqmkqyz8oyr95hoi84; csrftoken=hP2kz6A2TThNEpfhLAqDRyRBIL6N1BjynFRQQe1Pbmw1jSePrYpG4BFXC6lWgmlw; pgv_pvi=4484905984; staffname=3a193cc704cf756e9365c44da6c51d87',
)
[ info ] [ PARAM ] array (
)
[ info ] [ DB ] INIT mysql
[ info ] [ RUN ] app\index\controller\PerInfo->index[ E:\code\php\CTT-MS-app\application\index\controller\PerInfo.php ]
[ info ] [ LOG ] INIT File
[ sql ] [ DB ] CONNECT:[ UseTime:0.001097s ] mysql:host=127.0.0.1;dbname=ctt-ms;charset=utf8
[ sql ] [ SQL ] SHOW COLUMNS FROM `staff` [ RunTime:0.001169s ]
[ sql ] [ SQL ] SELECT * FROM `staff` WHERE  `cookie_name` = '3a193cc704cf756e9365c44da6c51d87' LIMIT 1 [ RunTime:0.000561s ]
[ error ] [0]致命错误: Call to a member function hidden() on array[E:\code\php\CTT-MS-app\application\index\controller\PerInfo.php:20]
---------------------------------------------------------------
[ 2017-11-16T10:09:46+08:00 ] ::1 ::1 GET /ctt-ms-app/perinfo
[ info ] localhost/ctt-ms-app/perinfo [运行时间：0.035852s][吞吐率：27.89req/s] [内存消耗：3,692.09kb] [文件加载：56]
[ info ] [ LANG ] E:\code\php\CTT-MS-app\thinkphp\lang\zh-cn.php
[ info ] [ ROUTE ] array (
  'type' => 'module',
  'module' => 
  array (
    0 => 'index',
    1 => 'PerInfo',
    2 => 'index',
  ),
  'convert' => false,
)
[ info ] [ HEADER ] array (
  'host' => 'localhost',
  'connection' => 'keep-alive',
  'cache-control' => 'max-age=0',
  'user-agent' => 'Mozilla/5.0 (Windows NT 10.0; Win64; x64) AppleWebKit/537.36 (KHTML, like Gecko) Chrome/62.0.3202.89 Safari/537.36',
  'upgrade-insecure-requests' => '1',
  'accept' => 'text/html,application/xhtml+xml,application/xml;q=0.9,image/webp,image/apng,*/*;q=0.8',
  'accept-encoding' => 'gzip, deflate, br',
  'accept-language' => 'zh-CN,zh;q=0.9',
  'cookie' => 'sessionid=ju6w82dp7v5kfniqmkqyz8oyr95hoi84; csrftoken=hP2kz6A2TThNEpfhLAqDRyRBIL6N1BjynFRQQe1Pbmw1jSePrYpG4BFXC6lWgmlw; pgv_pvi=4484905984; staffname=3a193cc704cf756e9365c44da6c51d87',
)
[ info ] [ PARAM ] array (
)
[ info ] [ DB ] INIT mysql
[ info ] [ RUN ] app\index\controller\PerInfo->index[ E:\code\php\CTT-MS-app\application\index\controller\PerInfo.php ]
[ info ] [ LOG ] INIT File
[ sql ] [ DB ] CONNECT:[ UseTime:0.001171s ] mysql:host=127.0.0.1;dbname=ctt-ms;charset=utf8
[ sql ] [ SQL ] SHOW COLUMNS FROM `staff` [ RunTime:0.000992s ]
[ sql ] [ SQL ] SELECT * FROM `staff` WHERE  `cookie_name` = '3a193cc704cf756e9365c44da6c51d87' LIMIT 1 [ RunTime:0.000648s ]
---------------------------------------------------------------
[ 2017-11-16T10:09:47+08:00 ] ::1 ::1 GET /ctt-ms-app/perinfo
[ info ] localhost/ctt-ms-app/perinfo [运行时间：0.037072s][吞吐率：26.97req/s] [内存消耗：3,692.09kb] [文件加载：56]
[ info ] [ LANG ] E:\code\php\CTT-MS-app\thinkphp\lang\zh-cn.php
[ info ] [ ROUTE ] array (
  'type' => 'module',
  'module' => 
  array (
    0 => 'index',
    1 => 'PerInfo',
    2 => 'index',
  ),
  'convert' => false,
)
[ info ] [ HEADER ] array (
  'host' => 'localhost',
  'connection' => 'keep-alive',
  'cache-control' => 'max-age=0',
  'user-agent' => 'Mozilla/5.0 (Windows NT 10.0; Win64; x64) AppleWebKit/537.36 (KHTML, like Gecko) Chrome/62.0.3202.89 Safari/537.36',
  'upgrade-insecure-requests' => '1',
  'accept' => 'text/html,application/xhtml+xml,application/xml;q=0.9,image/webp,image/apng,*/*;q=0.8',
  'accept-encoding' => 'gzip, deflate, br',
  'accept-language' => 'zh-CN,zh;q=0.9',
  'cookie' => 'sessionid=ju6w82dp7v5kfniqmkqyz8oyr95hoi84; csrftoken=hP2kz6A2TThNEpfhLAqDRyRBIL6N1BjynFRQQe1Pbmw1jSePrYpG4BFXC6lWgmlw; pgv_pvi=4484905984; staffname=3a193cc704cf756e9365c44da6c51d87',
)
[ info ] [ PARAM ] array (
)
[ info ] [ DB ] INIT mysql
[ info ] [ RUN ] app\index\controller\PerInfo->index[ E:\code\php\CTT-MS-app\application\index\controller\PerInfo.php ]
[ info ] [ LOG ] INIT File
[ sql ] [ DB ] CONNECT:[ UseTime:0.001151s ] mysql:host=127.0.0.1;dbname=ctt-ms;charset=utf8
[ sql ] [ SQL ] SHOW COLUMNS FROM `staff` [ RunTime:0.001426s ]
[ sql ] [ SQL ] SELECT * FROM `staff` WHERE  `cookie_name` = '3a193cc704cf756e9365c44da6c51d87' LIMIT 1 [ RunTime:0.000825s ]
---------------------------------------------------------------
[ 2017-11-16T10:22:36+08:00 ] ::1 ::1 GET /ctt-ms-app/changepwd
[ info ] localhost/ctt-ms-app/changepwd [运行时间：0.047085s][吞吐率：21.24req/s] [内存消耗：3,739.44kb] [文件加载：58]
[ info ] [ LANG ] E:\code\php\CTT-MS-app\thinkphp\lang\zh-cn.php
[ info ] [ ROUTE ] array (
  'type' => 'module',
  'module' => 
  array (
    0 => 'index',
    1 => 'PerInfo',
    2 => 'changepwd',
  ),
  'convert' => false,
)
[ info ] [ HEADER ] array (
  'host' => 'localhost',
  'connection' => 'keep-alive',
  'user-agent' => 'Mozilla/5.0 (Windows NT 10.0; Win64; x64) AppleWebKit/537.36 (KHTML, like Gecko) Chrome/62.0.3202.89 Safari/537.36',
  'upgrade-insecure-requests' => '1',
  'accept' => 'text/html,application/xhtml+xml,application/xml;q=0.9,image/webp,image/apng,*/*;q=0.8',
  'accept-encoding' => 'gzip, deflate, br',
  'accept-language' => 'zh-CN,zh;q=0.9',
  'cookie' => 'sessionid=ju6w82dp7v5kfniqmkqyz8oyr95hoi84; csrftoken=hP2kz6A2TThNEpfhLAqDRyRBIL6N1BjynFRQQe1Pbmw1jSePrYpG4BFXC6lWgmlw; pgv_pvi=4484905984; staffname=3a193cc704cf756e9365c44da6c51d87',
)
[ info ] [ PARAM ] array (
)
[ info ] [ DB ] INIT mysql
[ info ] [ LOG ] INIT File
[ sql ] [ DB ] CONNECT:[ UseTime:0.001325s ] mysql:host=127.0.0.1;dbname=ctt-ms;charset=utf8
[ sql ] [ SQL ] SHOW COLUMNS FROM `staff` [ RunTime:0.007357s ]
[ sql ] [ SQL ] SELECT * FROM `staff` WHERE  `cookie_name` = '3a193cc704cf756e9365c44da6c51d87' LIMIT 1 [ RunTime:0.000588s ]
[ error ] [0]方法参数错误:perpwd[E:\code\php\CTT-MS-app\thinkphp\library\think\App.php:282]
---------------------------------------------------------------
[ 2017-11-16T10:25:43+08:00 ] ::1 ::1 GET /ctt-ms-app/changepwd/perpwd=123&newpwd=123
[ info ] localhost/ctt-ms-app/changepwd/perpwd=123&newpwd=123 [运行时间：0.041985s][吞吐率：23.82req/s] [内存消耗：3,739.48kb] [文件加载：58]
[ info ] [ LANG ] E:\code\php\CTT-MS-app\thinkphp\lang\zh-cn.php
[ info ] [ ROUTE ] array (
  'type' => 'module',
  'module' => 
  array (
    0 => 'index',
    1 => 'PerInfo',
    2 => 'changepwd',
  ),
  'convert' => false,
)
[ info ] [ HEADER ] array (
  'host' => 'localhost',
  'connection' => 'keep-alive',
  'user-agent' => 'Mozilla/5.0 (Windows NT 10.0; Win64; x64) AppleWebKit/537.36 (KHTML, like Gecko) Chrome/62.0.3202.89 Safari/537.36',
  'upgrade-insecure-requests' => '1',
  'accept' => 'text/html,application/xhtml+xml,application/xml;q=0.9,image/webp,image/apng,*/*;q=0.8',
  'accept-encoding' => 'gzip, deflate, br',
  'accept-language' => 'zh-CN,zh;q=0.9',
  'cookie' => 'sessionid=ju6w82dp7v5kfniqmkqyz8oyr95hoi84; csrftoken=hP2kz6A2TThNEpfhLAqDRyRBIL6N1BjynFRQQe1Pbmw1jSePrYpG4BFXC6lWgmlw; pgv_pvi=4484905984; staffname=3a193cc704cf756e9365c44da6c51d87',
)
[ info ] [ PARAM ] array (
)
[ info ] [ DB ] INIT mysql
[ info ] [ LOG ] INIT File
[ sql ] [ DB ] CONNECT:[ UseTime:0.001038s ] mysql:host=127.0.0.1;dbname=ctt-ms;charset=utf8
[ sql ] [ SQL ] SHOW COLUMNS FROM `staff` [ RunTime:0.001581s ]
[ sql ] [ SQL ] SELECT * FROM `staff` WHERE  `cookie_name` = '3a193cc704cf756e9365c44da6c51d87' LIMIT 1 [ RunTime:0.000576s ]
[ error ] [0]方法参数错误:perpwd[E:\code\php\CTT-MS-app\thinkphp\library\think\App.php:282]
---------------------------------------------------------------
[ 2017-11-16T10:25:51+08:00 ] ::1 ::1 GET /ctt-ms-app/changepwd?perpwd=123&newpwd=123
[ info ] localhost/ctt-ms-app/changepwd?perpwd=123&newpwd=123 [运行时间：0.037701s][吞吐率：26.52req/s] [内存消耗：3,701.10kb] [文件加载：57]
[ info ] [ LANG ] E:\code\php\CTT-MS-app\thinkphp\lang\zh-cn.php
[ info ] [ ROUTE ] array (
  'type' => 'module',
  'module' => 
  array (
    0 => 'index',
    1 => 'PerInfo',
    2 => 'changepwd',
  ),
  'convert' => false,
)
[ info ] [ HEADER ] array (
  'host' => 'localhost',
  'connection' => 'keep-alive',
  'user-agent' => 'Mozilla/5.0 (Windows NT 10.0; Win64; x64) AppleWebKit/537.36 (KHTML, like Gecko) Chrome/62.0.3202.89 Safari/537.36',
  'upgrade-insecure-requests' => '1',
  'accept' => 'text/html,application/xhtml+xml,application/xml;q=0.9,image/webp,image/apng,*/*;q=0.8',
  'accept-encoding' => 'gzip, deflate, br',
  'accept-language' => 'zh-CN,zh;q=0.9',
  'cookie' => 'sessionid=ju6w82dp7v5kfniqmkqyz8oyr95hoi84; csrftoken=hP2kz6A2TThNEpfhLAqDRyRBIL6N1BjynFRQQe1Pbmw1jSePrYpG4BFXC6lWgmlw; pgv_pvi=4484905984; staffname=3a193cc704cf756e9365c44da6c51d87',
)
[ info ] [ PARAM ] array (
  'perpwd' => '123',
  'newpwd' => '123',
)
[ info ] [ DB ] INIT mysql
[ info ] [ RUN ] app\index\controller\PerInfo->changepwd[ E:\code\php\CTT-MS-app\application\index\controller\PerInfo.php ]
[ info ] [ LOG ] INIT File
[ sql ] [ DB ] CONNECT:[ UseTime:0.001228s ] mysql:host=127.0.0.1;dbname=ctt-ms;charset=utf8
[ sql ] [ SQL ] SHOW COLUMNS FROM `staff` [ RunTime:0.000905s ]
[ sql ] [ SQL ] SELECT * FROM `staff` WHERE  `cookie_name` = '3a193cc704cf756e9365c44da6c51d87' LIMIT 1 [ RunTime:0.000525s ]
---------------------------------------------------------------
[ 2017-11-16T10:31:36+08:00 ] ::1 ::1 GET /ctt-ms-app/changepwd?perpwd=123123&newpwd=123
[ info ] localhost/ctt-ms-app/changepwd?perpwd=123123&newpwd=123 [运行时间：0.198346s][吞吐率：5.04req/s] [内存消耗：3,742.91kb] [文件加载：60]
[ info ] [ LANG ] E:\code\php\CTT-MS-app\thinkphp\lang\zh-cn.php
[ info ] [ ROUTE ] array (
  'type' => 'module',
  'module' => 
  array (
    0 => 'index',
    1 => 'PerInfo',
    2 => 'changepwd',
  ),
  'convert' => false,
)
[ info ] [ HEADER ] array (
  'host' => 'localhost',
  'connection' => 'keep-alive',
  'user-agent' => 'Mozilla/5.0 (Windows NT 10.0; Win64; x64) AppleWebKit/537.36 (KHTML, like Gecko) Chrome/62.0.3202.89 Safari/537.36',
  'upgrade-insecure-requests' => '1',
  'accept' => 'text/html,application/xhtml+xml,application/xml;q=0.9,image/webp,image/apng,*/*;q=0.8',
  'accept-encoding' => 'gzip, deflate, br',
  'accept-language' => 'zh-CN,zh;q=0.9',
  'cookie' => 'sessionid=ju6w82dp7v5kfniqmkqyz8oyr95hoi84; csrftoken=hP2kz6A2TThNEpfhLAqDRyRBIL6N1BjynFRQQe1Pbmw1jSePrYpG4BFXC6lWgmlw; pgv_pvi=4484905984; staffname=3a193cc704cf756e9365c44da6c51d87',
)
[ info ] [ PARAM ] array (
  'perpwd' => '123123',
  'newpwd' => '123',
)
[ info ] [ DB ] INIT mysql
[ info ] [ RUN ] app\index\controller\PerInfo->changepwd[ E:\code\php\CTT-MS-app\application\index\controller\PerInfo.php ]
[ info ] [ CACHE ] INIT File
[ info ] [ LOG ] INIT File
[ sql ] [ DB ] CONNECT:[ UseTime:0.001190s ] mysql:host=127.0.0.1;dbname=ctt-ms;charset=utf8
[ sql ] [ SQL ] SHOW COLUMNS FROM `staff` [ RunTime:0.001629s ]
[ sql ] [ SQL ] SELECT * FROM `staff` WHERE  `cookie_name` = '3a193cc704cf756e9365c44da6c51d87' LIMIT 1 [ RunTime:0.000709s ]
[ sql ] [ SQL ] UPDATE `staff`  SET `password`='adcd7048512e64b48da55b027577886ee5a36350'  WHERE  `id` = 1 [ RunTime:0.000616s ]
---------------------------------------------------------------
[ 2017-11-16T10:31:51+08:00 ] ::1 ::1 GET /ctt-ms-app/login?staffname=123123&password=123123
[ info ] localhost/ctt-ms-app/login?staffname=123123&password=123123 [运行时间：0.032359s][吞吐率：30.90req/s] [内存消耗：3,287.33kb] [文件加载：52]
[ info ] [ LANG ] E:\code\php\CTT-MS-app\thinkphp\lang\zh-cn.php
[ info ] [ ROUTE ] array (
  'type' => 'module',
  'module' => 
  array (
    0 => 'index',
    1 => 'Auth',
    2 => 'login',
  ),
  'convert' => false,
)
[ info ] [ HEADER ] array (
  'host' => 'localhost',
  'connection' => 'keep-alive',
  'user-agent' => 'Mozilla/5.0 (Windows NT 10.0; Win64; x64) AppleWebKit/537.36 (KHTML, like Gecko) Chrome/62.0.3202.89 Safari/537.36',
  'upgrade-insecure-requests' => '1',
  'accept' => 'text/html,application/xhtml+xml,application/xml;q=0.9,image/webp,image/apng,*/*;q=0.8',
  'accept-encoding' => 'gzip, deflate, br',
  'accept-language' => 'zh-CN,zh;q=0.9',
  'cookie' => 'sessionid=ju6w82dp7v5kfniqmkqyz8oyr95hoi84; csrftoken=hP2kz6A2TThNEpfhLAqDRyRBIL6N1BjynFRQQe1Pbmw1jSePrYpG4BFXC6lWgmlw; pgv_pvi=4484905984; staffname=3a193cc704cf756e9365c44da6c51d87',
)
[ info ] [ PARAM ] array (
  'staffname' => '123123',
  'password' => '123123',
)
[ info ] [ RUN ] app\index\controller\Auth->login[ E:\code\php\CTT-MS-app\application\index\controller\Auth.php ]
[ info ] [ DB ] INIT mysql
[ info ] [ LOG ] INIT File
[ sql ] [ DB ] CONNECT:[ UseTime:0.001169s ] mysql:host=127.0.0.1;dbname=ctt-ms;charset=utf8
[ sql ] [ SQL ] SHOW COLUMNS FROM `staff` [ RunTime:0.001026s ]
[ sql ] [ SQL ] SELECT * FROM `staff` WHERE  `phone` = '123123' LIMIT 1 [ RunTime:0.000508s ]
---------------------------------------------------------------
[ 2017-11-16T10:31:54+08:00 ] ::1 ::1 GET /ctt-ms-app/login?staffname=123123&password=123
[ info ] localhost/ctt-ms-app/login?staffname=123123&password=123 [运行时间：0.036414s][吞吐率：27.46req/s] [内存消耗：3,278.21kb] [文件加载：53]
[ info ] [ LANG ] E:\code\php\CTT-MS-app\thinkphp\lang\zh-cn.php
[ info ] [ ROUTE ] array (
  'type' => 'module',
  'module' => 
  array (
    0 => 'index',
    1 => 'Auth',
    2 => 'login',
  ),
  'convert' => false,
)
[ info ] [ HEADER ] array (
  'host' => 'localhost',
  'connection' => 'keep-alive',
  'user-agent' => 'Mozilla/5.0 (Windows NT 10.0; Win64; x64) AppleWebKit/537.36 (KHTML, like Gecko) Chrome/62.0.3202.89 Safari/537.36',
  'upgrade-insecure-requests' => '1',
  'accept' => 'text/html,application/xhtml+xml,application/xml;q=0.9,image/webp,image/apng,*/*;q=0.8',
  'accept-encoding' => 'gzip, deflate, br',
  'accept-language' => 'zh-CN,zh;q=0.9',
  'cookie' => 'sessionid=ju6w82dp7v5kfniqmkqyz8oyr95hoi84; csrftoken=hP2kz6A2TThNEpfhLAqDRyRBIL6N1BjynFRQQe1Pbmw1jSePrYpG4BFXC6lWgmlw; pgv_pvi=4484905984; staffname=3a193cc704cf756e9365c44da6c51d87',
)
[ info ] [ PARAM ] array (
  'staffname' => '123123',
  'password' => '123',
)
[ info ] [ RUN ] app\index\controller\Auth->login[ E:\code\php\CTT-MS-app\application\index\controller\Auth.php ]
[ info ] [ DB ] INIT mysql
[ info ] [ LOG ] INIT File
[ sql ] [ DB ] CONNECT:[ UseTime:0.001010s ] mysql:host=127.0.0.1;dbname=ctt-ms;charset=utf8
[ sql ] [ SQL ] SHOW COLUMNS FROM `staff` [ RunTime:0.001435s ]
[ sql ] [ SQL ] SELECT * FROM `staff` WHERE  `phone` = '123123' LIMIT 1 [ RunTime:0.000568s ]
[ sql ] [ SQL ] UPDATE `staff`  SET `cookie_name`='a2bb74b45a2d69d710250be7344f24b3'  WHERE  `phone` = '123123' [ RunTime:0.000369s ]
---------------------------------------------------------------
[ 2017-11-16T10:32:04+08:00 ] ::1 ::1 GET /ctt-ms-app/changepwd?perpwd=123123&newpwd=123123
[ info ] localhost/ctt-ms-app/changepwd?perpwd=123123&newpwd=123123 [运行时间：0.036772s][吞吐率：27.19req/s] [内存消耗：3,701.12kb] [文件加载：57]
[ info ] [ LANG ] E:\code\php\CTT-MS-app\thinkphp\lang\zh-cn.php
[ info ] [ ROUTE ] array (
  'type' => 'module',
  'module' => 
  array (
    0 => 'index',
    1 => 'PerInfo',
    2 => 'changepwd',
  ),
  'convert' => false,
)
[ info ] [ HEADER ] array (
  'host' => 'localhost',
  'connection' => 'keep-alive',
  'user-agent' => 'Mozilla/5.0 (Windows NT 10.0; Win64; x64) AppleWebKit/537.36 (KHTML, like Gecko) Chrome/62.0.3202.89 Safari/537.36',
  'upgrade-insecure-requests' => '1',
  'accept' => 'text/html,application/xhtml+xml,application/xml;q=0.9,image/webp,image/apng,*/*;q=0.8',
  'accept-encoding' => 'gzip, deflate, br',
  'accept-language' => 'zh-CN,zh;q=0.9',
  'cookie' => 'sessionid=ju6w82dp7v5kfniqmkqyz8oyr95hoi84; csrftoken=hP2kz6A2TThNEpfhLAqDRyRBIL6N1BjynFRQQe1Pbmw1jSePrYpG4BFXC6lWgmlw; pgv_pvi=4484905984; staffname=a2bb74b45a2d69d710250be7344f24b3',
)
[ info ] [ PARAM ] array (
  'perpwd' => '123123',
  'newpwd' => '123123',
)
[ info ] [ DB ] INIT mysql
[ info ] [ RUN ] app\index\controller\PerInfo->changepwd[ E:\code\php\CTT-MS-app\application\index\controller\PerInfo.php ]
[ info ] [ LOG ] INIT File
[ sql ] [ DB ] CONNECT:[ UseTime:0.001027s ] mysql:host=127.0.0.1;dbname=ctt-ms;charset=utf8
[ sql ] [ SQL ] SHOW COLUMNS FROM `staff` [ RunTime:0.001084s ]
[ sql ] [ SQL ] SELECT * FROM `staff` WHERE  `cookie_name` = 'a2bb74b45a2d69d710250be7344f24b3' LIMIT 1 [ RunTime:0.001025s ]
---------------------------------------------------------------
[ 2017-11-16T10:32:11+08:00 ] ::1 ::1 GET /ctt-ms-app/changepwd?perpwd=123&newpwd=123123
[ info ] localhost/ctt-ms-app/changepwd?perpwd=123&newpwd=123123 [运行时间：0.040617s][吞吐率：24.62req/s] [内存消耗：3,742.91kb] [文件加载：60]
[ info ] [ LANG ] E:\code\php\CTT-MS-app\thinkphp\lang\zh-cn.php
[ info ] [ ROUTE ] array (
  'type' => 'module',
  'module' => 
  array (
    0 => 'index',
    1 => 'PerInfo',
    2 => 'changepwd',
  ),
  'convert' => false,
)
[ info ] [ HEADER ] array (
  'host' => 'localhost',
  'connection' => 'keep-alive',
  'user-agent' => 'Mozilla/5.0 (Windows NT 10.0; Win64; x64) AppleWebKit/537.36 (KHTML, like Gecko) Chrome/62.0.3202.89 Safari/537.36',
  'upgrade-insecure-requests' => '1',
  'accept' => 'text/html,application/xhtml+xml,application/xml;q=0.9,image/webp,image/apng,*/*;q=0.8',
  'accept-encoding' => 'gzip, deflate, br',
  'accept-language' => 'zh-CN,zh;q=0.9',
  'cookie' => 'sessionid=ju6w82dp7v5kfniqmkqyz8oyr95hoi84; csrftoken=hP2kz6A2TThNEpfhLAqDRyRBIL6N1BjynFRQQe1Pbmw1jSePrYpG4BFXC6lWgmlw; pgv_pvi=4484905984; staffname=a2bb74b45a2d69d710250be7344f24b3',
)
[ info ] [ PARAM ] array (
  'perpwd' => '123',
  'newpwd' => '123123',
)
[ info ] [ DB ] INIT mysql
[ info ] [ RUN ] app\index\controller\PerInfo->changepwd[ E:\code\php\CTT-MS-app\application\index\controller\PerInfo.php ]
[ info ] [ CACHE ] INIT File
[ info ] [ LOG ] INIT File
[ sql ] [ DB ] CONNECT:[ UseTime:0.001144s ] mysql:host=127.0.0.1;dbname=ctt-ms;charset=utf8
[ sql ] [ SQL ] SHOW COLUMNS FROM `staff` [ RunTime:0.000914s ]
[ sql ] [ SQL ] SELECT * FROM `staff` WHERE  `cookie_name` = 'a2bb74b45a2d69d710250be7344f24b3' LIMIT 1 [ RunTime:0.000600s ]
[ sql ] [ SQL ] UPDATE `staff`  SET `password`='040bd08a4290267535cd247b8ba2eca129d9fe9f'  WHERE  `id` = 1 [ RunTime:0.000448s ]
---------------------------------------------------------------
[ 2017-11-16T10:45:36+08:00 ] ::1 ::1 GET /ctt-ms-app/login?staffname=123123&password=123123
[ info ] localhost/ctt-ms-app/login?staffname=123123&password=123123 [运行时间：0.040982s][吞吐率：24.40req/s] [内存消耗：3,276.45kb] [文件加载：53]
[ info ] [ LANG ] E:\code\php\CTT-MS-app\thinkphp\lang\zh-cn.php
[ info ] [ ROUTE ] array (
  'type' => 'module',
  'module' => 
  array (
    0 => 'index',
    1 => 'Auth',
    2 => 'login',
  ),
  'convert' => false,
)
[ info ] [ HEADER ] array (
  'host' => 'localhost',
  'connection' => 'keep-alive',
  'user-agent' => 'Mozilla/5.0 (Windows NT 10.0; Win64; x64) AppleWebKit/537.36 (KHTML, like Gecko) Chrome/62.0.3202.89 Safari/537.36',
  'upgrade-insecure-requests' => '1',
  'accept' => 'text/html,application/xhtml+xml,application/xml;q=0.9,image/webp,image/apng,*/*;q=0.8',
  'accept-encoding' => 'gzip, deflate, br',
  'accept-language' => 'zh-CN,zh;q=0.9',
  'cookie' => 'sessionid=ju6w82dp7v5kfniqmkqyz8oyr95hoi84; csrftoken=hP2kz6A2TThNEpfhLAqDRyRBIL6N1BjynFRQQe1Pbmw1jSePrYpG4BFXC6lWgmlw; pgv_pvi=4484905984; staffname=a2bb74b45a2d69d710250be7344f24b3',
)
[ info ] [ PARAM ] array (
  'staffname' => '123123',
  'password' => '123123',
)
[ info ] [ RUN ] app\index\controller\Auth->login[ E:\code\php\CTT-MS-app\application\index\controller\Auth.php ]
[ info ] [ DB ] INIT mysql
[ info ] [ LOG ] INIT File
[ sql ] [ DB ] CONNECT:[ UseTime:0.000837s ] mysql:host=127.0.0.1;dbname=ctt-ms;charset=utf8
[ sql ] [ SQL ] SHOW COLUMNS FROM `staff` [ RunTime:0.000931s ]
[ sql ] [ SQL ] SELECT * FROM `staff` WHERE  `phone` = '123123' LIMIT 1 [ RunTime:0.000459s ]
[ sql ] [ SQL ] UPDATE `staff`  SET `cookie_name`='6f852200eeda0755951f63c4f3d933b5'  WHERE  `phone` = '123123' [ RunTime:0.000239s ]
