---------------------------------------------------------------
[ 2017-11-18T15:23:11+08:00 ] 10.2.130.178 10.2.130.115 GET /CTT-MS-app/perinfo?cookie=9ec1a84011b57e597f4a746a845dc406
[ info ] 10.2.130.178/CTT-MS-app/perinfo?cookie=9ec1a84011b57e597f4a746a845dc406 [运行时间：0.921490s][吞吐率：1.09req/s] [内存消耗：3,590.45kb] [文件加载：53]
[ info ] [ LANG ] E:\code\php\CTT-MS-app\thinkphp\lang\zh-cn.php
[ info ] [ ROUTE ] array (
  'type' => 'module',
  'module' => 
  array (
    0 => 'index',
    1 => 'PerInfo',
    2 => 'index',
  ),
  'convert' => false,
)
[ info ] [ HEADER ] array (
  'host' => '10.2.130.178',
  'connection' => 'keep-alive',
  'user-agent' => 'Mozilla/5.0 (Windows NT 10.0; WOW64) AppleWebKit/537.36 (KHTML, like Gecko) Chrome/60.0.3112.101 Safari/537.36',
  'accept' => '*/*',
  'accept-encoding' => 'gzip, deflate',
  'accept-language' => 'zh-CN,zh;q=0.8',
)
[ info ] [ PARAM ] array (
  'cookie' => '9ec1a84011b57e597f4a746a845dc406',
)
[ info ] [ DB ] INIT mysql
[ info ] [ LOG ] INIT File
[ sql ] [ DB ] CONNECT:[ UseTime:0.005379s ] mysql:host=127.0.0.1;dbname=ctt-ms;charset=utf8
[ sql ] [ SQL ] SHOW COLUMNS FROM `staff` [ RunTime:0.011894s ]
[ sql ] [ SQL ] SELECT * FROM `staff` WHERE  `cookie_name` = '9ec1a84011b57e597f4a746a845dc406' LIMIT 1 [ RunTime:0.001065s ]
---------------------------------------------------------------
[ 2017-11-18T15:23:50+08:00 ] 10.2.130.178 10.2.130.115 GET /CTT-MS-app/perinfo?cookie=9ec1a84011b57e597f4a746a845dc406
[ info ] 10.2.130.178/CTT-MS-app/perinfo?cookie=9ec1a84011b57e597f4a746a845dc406 [运行时间：0.030045s][吞吐率：33.28req/s] [内存消耗：3,590.45kb] [文件加载：53]
[ info ] [ LANG ] E:\code\php\CTT-MS-app\thinkphp\lang\zh-cn.php
[ info ] [ ROUTE ] array (
  'type' => 'module',
  'module' => 
  array (
    0 => 'index',
    1 => 'PerInfo',
    2 => 'index',
  ),
  'convert' => false,
)
[ info ] [ HEADER ] array (
  'host' => '10.2.130.178',
  'connection' => 'keep-alive',
  'user-agent' => 'Mozilla/5.0 (Windows NT 10.0; WOW64) AppleWebKit/537.36 (KHTML, like Gecko) Chrome/60.0.3112.101 Safari/537.36',
  'accept' => '*/*',
  'accept-encoding' => 'gzip, deflate',
  'accept-language' => 'zh-CN,zh;q=0.8',
)
[ info ] [ PARAM ] array (
  'cookie' => '9ec1a84011b57e597f4a746a845dc406',
)
[ info ] [ DB ] INIT mysql
[ info ] [ LOG ] INIT File
[ sql ] [ DB ] CONNECT:[ UseTime:0.001122s ] mysql:host=127.0.0.1;dbname=ctt-ms;charset=utf8
[ sql ] [ SQL ] SHOW COLUMNS FROM `staff` [ RunTime:0.000889s ]
[ sql ] [ SQL ] SELECT * FROM `staff` WHERE  `cookie_name` = '9ec1a84011b57e597f4a746a845dc406' LIMIT 1 [ RunTime:0.000517s ]
---------------------------------------------------------------
[ 2017-11-18T15:23:54+08:00 ] 10.2.130.178 10.2.130.115 GET /CTT-MS-app/perinfo?cookie=9ec1a84011b57e597f4a746a845dc406
[ info ] 10.2.130.178/CTT-MS-app/perinfo?cookie=9ec1a84011b57e597f4a746a845dc406 [运行时间：0.029016s][吞吐率：34.46req/s] [内存消耗：3,590.45kb] [文件加载：53]
[ info ] [ LANG ] E:\code\php\CTT-MS-app\thinkphp\lang\zh-cn.php
[ info ] [ ROUTE ] array (
  'type' => 'module',
  'module' => 
  array (
    0 => 'index',
    1 => 'PerInfo',
    2 => 'index',
  ),
  'convert' => false,
)
[ info ] [ HEADER ] array (
  'host' => '10.2.130.178',
  'connection' => 'keep-alive',
  'user-agent' => 'Mozilla/5.0 (Windows NT 10.0; WOW64) AppleWebKit/537.36 (KHTML, like Gecko) Chrome/60.0.3112.101 Safari/537.36',
  'accept' => '*/*',
  'accept-encoding' => 'gzip, deflate',
  'accept-language' => 'zh-CN,zh;q=0.8',
)
[ info ] [ PARAM ] array (
  'cookie' => '9ec1a84011b57e597f4a746a845dc406',
)
[ info ] [ DB ] INIT mysql
[ info ] [ LOG ] INIT File
[ sql ] [ DB ] CONNECT:[ UseTime:0.001158s ] mysql:host=127.0.0.1;dbname=ctt-ms;charset=utf8
[ sql ] [ SQL ] SHOW COLUMNS FROM `staff` [ RunTime:0.000883s ]
[ sql ] [ SQL ] SELECT * FROM `staff` WHERE  `cookie_name` = '9ec1a84011b57e597f4a746a845dc406' LIMIT 1 [ RunTime:0.001076s ]
---------------------------------------------------------------
[ 2017-11-18T15:24:02+08:00 ] 10.2.130.178 10.2.130.115 GET /CTT-MS-app/login?staffname=123123&password=123123
[ info ] 10.2.130.178/CTT-MS-app/login?staffname=123123&password=123123 [运行时间：0.199138s][吞吐率：5.02req/s] [内存消耗：3,289.83kb] [文件加载：53]
[ info ] [ LANG ] E:\code\php\CTT-MS-app\thinkphp\lang\zh-cn.php
[ info ] [ ROUTE ] array (
  'type' => 'module',
  'module' => 
  array (
    0 => 'index',
    1 => 'Auth',
    2 => 'login',
  ),
  'convert' => false,
)
[ info ] [ HEADER ] array (
  'host' => '10.2.130.178',
  'connection' => 'keep-alive',
  'user-agent' => 'Mozilla/5.0 (Windows NT 10.0; WOW64) AppleWebKit/537.36 (KHTML, like Gecko) Chrome/60.0.3112.101 Safari/537.36',
  'accept' => '*/*',
  'accept-encoding' => 'gzip, deflate',
  'accept-language' => 'zh-CN,zh;q=0.8',
)
[ info ] [ PARAM ] array (
  'staffname' => '123123',
  'password' => '123123',
)
[ info ] [ RUN ] app\index\controller\Auth->login[ E:\code\php\CTT-MS-app\application\index\controller\Auth.php ]
[ info ] [ DB ] INIT mysql
[ info ] [ LOG ] INIT File
[ sql ] [ DB ] CONNECT:[ UseTime:0.001172s ] mysql:host=127.0.0.1;dbname=ctt-ms;charset=utf8
[ sql ] [ SQL ] SHOW COLUMNS FROM `staff` [ RunTime:0.000913s ]
[ sql ] [ SQL ] SELECT * FROM `staff` WHERE  `phone` = '123123' LIMIT 1 [ RunTime:0.000528s ]
[ sql ] [ SQL ] UPDATE `staff`  SET `cookie_name`='fb8c4ab8afad38733e0850f469b366cb'  WHERE  `phone` = '123123' [ RunTime:0.001721s ]
---------------------------------------------------------------
[ 2017-11-18T15:24:13+08:00 ] 10.2.130.178 10.2.130.115 GET /CTT-MS-app/perinfo?cookie=fb8c4ab8afad38733e0850f469b366cb
[ info ] 10.2.130.178/CTT-MS-app/perinfo?cookie=fb8c4ab8afad38733e0850f469b366cb [运行时间：0.043225s][吞吐率：23.13req/s] [内存消耗：3,707.98kb] [文件加载：56]
[ info ] [ LANG ] E:\code\php\CTT-MS-app\thinkphp\lang\zh-cn.php
[ info ] [ ROUTE ] array (
  'type' => 'module',
  'module' => 
  array (
    0 => 'index',
    1 => 'PerInfo',
    2 => 'index',
  ),
  'convert' => false,
)
[ info ] [ HEADER ] array (
  'host' => '10.2.130.178',
  'connection' => 'keep-alive',
  'user-agent' => 'Mozilla/5.0 (Windows NT 10.0; WOW64) AppleWebKit/537.36 (KHTML, like Gecko) Chrome/60.0.3112.101 Safari/537.36',
  'accept' => '*/*',
  'accept-encoding' => 'gzip, deflate',
  'accept-language' => 'zh-CN,zh;q=0.8',
  'cookie' => 'staffname=fb8c4ab8afad38733e0850f469b366cb',
)
[ info ] [ PARAM ] array (
  'cookie' => 'fb8c4ab8afad38733e0850f469b366cb',
)
[ info ] [ DB ] INIT mysql
[ info ] [ RUN ] app\index\controller\PerInfo->index[ E:\code\php\CTT-MS-app\application\index\controller\PerInfo.php ]
[ info ] [ LOG ] INIT File
[ sql ] [ DB ] CONNECT:[ UseTime:0.001096s ] mysql:host=127.0.0.1;dbname=ctt-ms;charset=utf8
[ sql ] [ SQL ] SHOW COLUMNS FROM `staff` [ RunTime:0.000903s ]
[ sql ] [ SQL ] SELECT * FROM `staff` WHERE  `cookie_name` = 'fb8c4ab8afad38733e0850f469b366cb' LIMIT 1 [ RunTime:0.000561s ]
