---------------------------------------------------------------
[ 2017-11-20T20:21:04+08:00 ] ::1 ::1 GET /ctt-ms-app/login?staffname=123123&password=123123
[ info ] localhost/ctt-ms-app/login?staffname=123123&password=123123 [运行时间：0.918416s][吞吐率：1.09req/s] [内存消耗：3,288.30kb] [文件加载：53]
[ info ] [ LANG ] E:\code\php\CTT-MS-app\thinkphp\lang\zh-cn.php
[ info ] [ ROUTE ] array (
  'type' => 'module',
  'module' => 
  array (
    0 => 'index',
    1 => 'Auth',
    2 => 'login',
  ),
  'convert' => false,
)
[ info ] [ HEADER ] array (
  'host' => 'localhost',
  'connection' => 'keep-alive',
  'user-agent' => 'Mozilla/5.0 (Windows NT 10.0; Win64; x64) AppleWebKit/537.36 (KHTML, like Gecko) Chrome/62.0.3202.94 Safari/537.36',
  'upgrade-insecure-requests' => '1',
  'accept' => 'text/html,application/xhtml+xml,application/xml;q=0.9,image/webp,image/apng,*/*;q=0.8',
  'accept-encoding' => 'gzip, deflate, br',
  'accept-language' => 'zh-CN,zh;q=0.9',
  'cookie' => 'sessionid=ju6w82dp7v5kfniqmkqyz8oyr95hoi84; pgv_pvi=4484905984; _ga=GA1.1.203632370.1510848144; csrftoken=hP2kz6A2TThNEpfhLAqDRyRBIL6N1BjynFRQQe1Pbmw1jSePrYpG4BFXC6lWgmlw',
)
[ info ] [ PARAM ] array (
  'staffname' => '123123',
  'password' => '123123',
)
[ info ] [ RUN ] app\index\controller\Auth->login[ E:\code\php\CTT-MS-app\application\index\controller\Auth.php ]
[ info ] [ DB ] INIT mysql
[ info ] [ LOG ] INIT File
[ sql ] [ DB ] CONNECT:[ UseTime:0.001365s ] mysql:host=127.0.0.1;dbname=ctt-ms;charset=utf8
[ sql ] [ SQL ] SHOW COLUMNS FROM `staff` [ RunTime:0.001113s ]
[ sql ] [ SQL ] SELECT * FROM `staff` WHERE  `phone` = '123123' LIMIT 1 [ RunTime:0.000832s ]
[ sql ] [ SQL ] UPDATE `staff`  SET `cookie_name`='e274abeddd4a545c1087fa05572ead6d'  WHERE  `phone` = '123123' [ RunTime:0.000522s ]
---------------------------------------------------------------
[ 2017-11-20T20:23:21+08:00 ] ::1 ::1 GET /ctt-ms-app/query/stuffname?categoryName=%E7%A7%BB%E5%8A%A8%E6%9D%90%E6%96%99
[ info ] localhost/ctt-ms-app/query/stuffname?categoryName=%E7%A7%BB%E5%8A%A8%E6%9D%90%E6%96%99 [运行时间：1.167128s][吞吐率：0.86req/s] [内存消耗：3,685.73kb] [文件加载：56]
[ info ] [ LANG ] E:\code\php\CTT-MS-app\thinkphp\lang\zh-cn.php
[ info ] [ ROUTE ] array (
  'type' => 'module',
  'module' => 
  array (
    0 => 'index',
    1 => 'Query',
    2 => 'stuffname',
  ),
  'convert' => false,
)
[ info ] [ HEADER ] array (
  'host' => 'localhost',
  'connection' => 'keep-alive',
  'user-agent' => 'Mozilla/5.0 (Windows NT 10.0; Win64; x64) AppleWebKit/537.36 (KHTML, like Gecko) Chrome/62.0.3202.94 Safari/537.36',
  'upgrade-insecure-requests' => '1',
  'accept' => 'text/html,application/xhtml+xml,application/xml;q=0.9,image/webp,image/apng,*/*;q=0.8',
  'accept-encoding' => 'gzip, deflate, br',
  'accept-language' => 'zh-CN,zh;q=0.9',
  'cookie' => 'sessionid=ju6w82dp7v5kfniqmkqyz8oyr95hoi84; pgv_pvi=4484905984; _ga=GA1.1.203632370.1510848144; csrftoken=hP2kz6A2TThNEpfhLAqDRyRBIL6N1BjynFRQQe1Pbmw1jSePrYpG4BFXC6lWgmlw; staffname=e274abeddd4a545c1087fa05572ead6d',
)
[ info ] [ PARAM ] array (
  'categoryName' => '移动材料',
)
[ info ] [ DB ] INIT mysql
[ info ] [ RUN ] app\index\controller\Query->stuffName[ E:\code\php\CTT-MS-app\application\index\controller\Query.php ]
[ info ] [ LOG ] INIT File
[ sql ] [ DB ] CONNECT:[ UseTime:0.001419s ] mysql:host=127.0.0.1;dbname=ctt-ms;charset=utf8
[ sql ] [ SQL ] SHOW COLUMNS FROM `staff` [ RunTime:0.000981s ]
[ sql ] [ SQL ] SELECT * FROM `staff` WHERE  `cookie_name` = 'e274abeddd4a545c1087fa05572ead6d' LIMIT 1 [ RunTime:0.000617s ]
[ sql ] [ SQL ] SHOW COLUMNS FROM `stuff` [ RunTime:0.000521s ]
[ sql ] [ SQL ] SELECT `id`,`stuff_name` FROM `stuff` WHERE  `category_name` = '移动材料' [ RunTime:0.000344s ]
---------------------------------------------------------------
[ 2017-11-20T20:23:49+08:00 ] ::1 ::1 GET /ctt-ms-app/query/stuffname?categoryName=%E7%A7%BB%E5%8A%A8%E6%9D%90%E6%96%99
[ info ] localhost/ctt-ms-app/query/stuffname?categoryName=%E7%A7%BB%E5%8A%A8%E6%9D%90%E6%96%99 [运行时间：0.044545s][吞吐率：22.45req/s] [内存消耗：3,680.62kb] [文件加载：55]
[ info ] [ LANG ] E:\code\php\CTT-MS-app\thinkphp\lang\zh-cn.php
[ info ] [ ROUTE ] array (
  'type' => 'module',
  'module' => 
  array (
    0 => 'index',
    1 => 'Query',
    2 => 'stuffname',
  ),
  'convert' => false,
)
[ info ] [ HEADER ] array (
  'host' => 'localhost',
  'connection' => 'keep-alive',
  'cache-control' => 'max-age=0',
  'user-agent' => 'Mozilla/5.0 (Windows NT 10.0; Win64; x64) AppleWebKit/537.36 (KHTML, like Gecko) Chrome/62.0.3202.94 Safari/537.36',
  'upgrade-insecure-requests' => '1',
  'accept' => 'text/html,application/xhtml+xml,application/xml;q=0.9,image/webp,image/apng,*/*;q=0.8',
  'accept-encoding' => 'gzip, deflate, br',
  'accept-language' => 'zh-CN,zh;q=0.9',
  'cookie' => 'sessionid=ju6w82dp7v5kfniqmkqyz8oyr95hoi84; pgv_pvi=4484905984; _ga=GA1.1.203632370.1510848144; csrftoken=hP2kz6A2TThNEpfhLAqDRyRBIL6N1BjynFRQQe1Pbmw1jSePrYpG4BFXC6lWgmlw; staffname=e274abeddd4a545c1087fa05572ead6d',
)
[ info ] [ PARAM ] array (
  'categoryName' => '移动材料',
)
[ info ] [ DB ] INIT mysql
[ info ] [ RUN ] app\index\controller\Query->stuffName[ E:\code\php\CTT-MS-app\application\index\controller\Query.php ]
[ info ] [ LOG ] INIT File
[ sql ] [ DB ] CONNECT:[ UseTime:0.001844s ] mysql:host=127.0.0.1;dbname=ctt-ms;charset=utf8
[ sql ] [ SQL ] SHOW COLUMNS FROM `staff` [ RunTime:0.001492s ]
[ sql ] [ SQL ] SELECT * FROM `staff` WHERE  `cookie_name` = 'e274abeddd4a545c1087fa05572ead6d' LIMIT 1 [ RunTime:0.000956s ]
[ sql ] [ SQL ] SHOW COLUMNS FROM `stuff` [ RunTime:0.000759s ]
[ sql ] [ SQL ] SELECT `id`,`stuff_name` FROM `stuff` WHERE  `category_name` = '移动材料' [ RunTime:0.000581s ]
---------------------------------------------------------------
[ 2017-11-20T20:28:17+08:00 ] ::1 ::1 GET /ctt-ms-app/query/stuffname?categoryName=%E7%A7%BB%E5%8A%A8%E6%9D%90%E6%96%99
[ info ] localhost/ctt-ms-app/query/stuffname?categoryName=%E7%A7%BB%E5%8A%A8%E6%9D%90%E6%96%99 [运行时间：0.039869s][吞吐率：25.08req/s] [内存消耗：3,687.38kb] [文件加载：56]
[ info ] [ LANG ] E:\code\php\CTT-MS-app\thinkphp\lang\zh-cn.php
[ info ] [ ROUTE ] array (
  'type' => 'module',
  'module' => 
  array (
    0 => 'index',
    1 => 'Query',
    2 => 'stuffname',
  ),
  'convert' => false,
)
[ info ] [ HEADER ] array (
  'host' => 'localhost',
  'connection' => 'keep-alive',
  'cache-control' => 'max-age=0',
  'user-agent' => 'Mozilla/5.0 (Windows NT 10.0; Win64; x64) AppleWebKit/537.36 (KHTML, like Gecko) Chrome/62.0.3202.94 Safari/537.36',
  'upgrade-insecure-requests' => '1',
  'accept' => 'text/html,application/xhtml+xml,application/xml;q=0.9,image/webp,image/apng,*/*;q=0.8',
  'accept-encoding' => 'gzip, deflate, br',
  'accept-language' => 'zh-CN,zh;q=0.9',
  'cookie' => 'sessionid=ju6w82dp7v5kfniqmkqyz8oyr95hoi84; pgv_pvi=4484905984; _ga=GA1.1.203632370.1510848144; csrftoken=hP2kz6A2TThNEpfhLAqDRyRBIL6N1BjynFRQQe1Pbmw1jSePrYpG4BFXC6lWgmlw; staffname=e274abeddd4a545c1087fa05572ead6d',
)
[ info ] [ PARAM ] array (
  'categoryName' => '移动材料',
)
[ info ] [ DB ] INIT mysql
[ info ] [ RUN ] app\index\controller\Query->stuffName[ E:\code\php\CTT-MS-app\application\index\controller\Query.php ]
[ info ] [ LOG ] INIT File
[ sql ] [ DB ] CONNECT:[ UseTime:0.001221s ] mysql:host=127.0.0.1;dbname=ctt-ms;charset=utf8
[ sql ] [ SQL ] SHOW COLUMNS FROM `staff` [ RunTime:0.000989s ]
[ sql ] [ SQL ] SELECT * FROM `staff` WHERE  `cookie_name` = 'e274abeddd4a545c1087fa05572ead6d' LIMIT 1 [ RunTime:0.000668s ]
[ sql ] [ SQL ] SHOW COLUMNS FROM `stuff` [ RunTime:0.000500s ]
[ sql ] [ SQL ] SELECT `id`,`stuff_name` FROM `stuff` WHERE  `category_name` = '移动材料' [ RunTime:0.000323s ]
---------------------------------------------------------------
[ 2017-11-20T20:28:17+08:00 ] ::1 ::1 GET /ctt-ms-app/query/stuffname?categoryName=%E7%A7%BB%E5%8A%A8%E6%9D%90%E6%96%99
[ info ] localhost/ctt-ms-app/query/stuffname?categoryName=%E7%A7%BB%E5%8A%A8%E6%9D%90%E6%96%99 [运行时间：0.035861s][吞吐率：27.89req/s] [内存消耗：3,687.38kb] [文件加载：56]
[ info ] [ LANG ] E:\code\php\CTT-MS-app\thinkphp\lang\zh-cn.php
[ info ] [ ROUTE ] array (
  'type' => 'module',
  'module' => 
  array (
    0 => 'index',
    1 => 'Query',
    2 => 'stuffname',
  ),
  'convert' => false,
)
[ info ] [ HEADER ] array (
  'host' => 'localhost',
  'connection' => 'keep-alive',
  'cache-control' => 'max-age=0',
  'user-agent' => 'Mozilla/5.0 (Windows NT 10.0; Win64; x64) AppleWebKit/537.36 (KHTML, like Gecko) Chrome/62.0.3202.94 Safari/537.36',
  'upgrade-insecure-requests' => '1',
  'accept' => 'text/html,application/xhtml+xml,application/xml;q=0.9,image/webp,image/apng,*/*;q=0.8',
  'accept-encoding' => 'gzip, deflate, br',
  'accept-language' => 'zh-CN,zh;q=0.9',
  'cookie' => 'sessionid=ju6w82dp7v5kfniqmkqyz8oyr95hoi84; pgv_pvi=4484905984; _ga=GA1.1.203632370.1510848144; csrftoken=hP2kz6A2TThNEpfhLAqDRyRBIL6N1BjynFRQQe1Pbmw1jSePrYpG4BFXC6lWgmlw; staffname=e274abeddd4a545c1087fa05572ead6d',
)
[ info ] [ PARAM ] array (
  'categoryName' => '移动材料',
)
[ info ] [ DB ] INIT mysql
[ info ] [ RUN ] app\index\controller\Query->stuffName[ E:\code\php\CTT-MS-app\application\index\controller\Query.php ]
[ info ] [ LOG ] INIT File
[ sql ] [ DB ] CONNECT:[ UseTime:0.001040s ] mysql:host=127.0.0.1;dbname=ctt-ms;charset=utf8
[ sql ] [ SQL ] SHOW COLUMNS FROM `staff` [ RunTime:0.000811s ]
[ sql ] [ SQL ] SELECT * FROM `staff` WHERE  `cookie_name` = 'e274abeddd4a545c1087fa05572ead6d' LIMIT 1 [ RunTime:0.000482s ]
[ sql ] [ SQL ] SHOW COLUMNS FROM `stuff` [ RunTime:0.000508s ]
[ sql ] [ SQL ] SELECT `id`,`stuff_name` FROM `stuff` WHERE  `category_name` = '移动材料' [ RunTime:0.000289s ]
