---------------------------------------------------------------
[ 2017-11-21T14:00:29+08:00 ] 10.2.130.178 10.2.130.115 GET /CTT-MS-app/login?staffname=123123&password=123123
[ info ] 10.2.130.178/CTT-MS-app/login?staffname=123123&password=123123 [运行时间：0.873132s][吞吐率：1.15req/s] [内存消耗：3,287.72kb] [文件加载：53]
[ info ] [ LANG ] E:\code\php\CTT-MS-app\thinkphp\lang\zh-cn.php
[ info ] [ ROUTE ] array (
  'type' => 'module',
  'module' => 
  array (
    0 => 'index',
    1 => 'Auth',
    2 => 'login',
  ),
  'convert' => false,
)
[ info ] [ HEADER ] array (
  'host' => '10.2.130.178',
  'connection' => 'keep-alive',
  'user-agent' => 'Mozilla/5.0 (Windows NT 10.0; WOW64) AppleWebKit/537.36 (KHTML, like Gecko) Chrome/60.0.3112.101 Safari/537.36',
  'accept' => '*/*',
  'accept-encoding' => 'gzip, deflate',
  'accept-language' => 'zh-CN,zh;q=0.8',
)
[ info ] [ PARAM ] array (
  'staffname' => '123123',
  'password' => '123123',
)
[ info ] [ RUN ] app\index\controller\Auth->login[ E:\code\php\CTT-MS-app\application\index\controller\Auth.php ]
[ info ] [ DB ] INIT mysql
[ info ] [ LOG ] INIT File
[ sql ] [ DB ] CONNECT:[ UseTime:0.004330s ] mysql:host=127.0.0.1;dbname=ctt-ms;charset=utf8
[ sql ] [ SQL ] SHOW COLUMNS FROM `staff` [ RunTime:0.011621s ]
[ sql ] [ SQL ] SELECT * FROM `staff` WHERE  `phone` = '123123' LIMIT 1 [ RunTime:0.000829s ]
[ sql ] [ SQL ] UPDATE `staff`  SET `cookie_name`='3597b8b59b59787b479b2870bc596cbc'  WHERE  `phone` = '123123' [ RunTime:0.000625s ]
---------------------------------------------------------------
[ 2017-11-21T14:01:37+08:00 ] 10.2.130.178 10.2.130.115 GET /CTT-MS-app/query/stuffname?cookie=3597b8b59b59787b479b2870bc596cbc&cagetoryName=%E9%93%81%E9%80%9A%E6%9D%90%E6%96%99
[ info ] 10.2.130.178/CTT-MS-app/query/stuffname?cookie=3597b8b59b59787b479b2870bc596cbc&cagetoryName=%E9%93%81%E9%80%9A%E6%9D%90%E6%96%99 [运行时间：0.525278s][吞吐率：1.90req/s] [内存消耗：3,734.58kb] [文件加载：57]
[ info ] [ LANG ] E:\code\php\CTT-MS-app\thinkphp\lang\zh-cn.php
[ info ] [ ROUTE ] array (
  'type' => 'module',
  'module' => 
  array (
    0 => 'index',
    1 => 'Query',
    2 => 'stuffname',
  ),
  'convert' => false,
)
[ info ] [ HEADER ] array (
  'host' => '10.2.130.178',
  'connection' => 'keep-alive',
  'user-agent' => 'Mozilla/5.0 (Windows NT 10.0; WOW64) AppleWebKit/537.36 (KHTML, like Gecko) Chrome/60.0.3112.101 Safari/537.36',
  'accept' => '*/*',
  'accept-encoding' => 'gzip, deflate',
  'accept-language' => 'zh-CN,zh;q=0.8',
  'cookie' => 'staffname=3597b8b59b59787b479b2870bc596cbc',
)
[ info ] [ PARAM ] array (
  'cookie' => '3597b8b59b59787b479b2870bc596cbc',
  'cagetoryName' => '铁通材料',
)
[ info ] [ DB ] INIT mysql
[ info ] [ LOG ] INIT File
[ sql ] [ DB ] CONNECT:[ UseTime:0.001353s ] mysql:host=127.0.0.1;dbname=ctt-ms;charset=utf8
[ sql ] [ SQL ] SHOW COLUMNS FROM `staff` [ RunTime:0.008003s ]
[ sql ] [ SQL ] SELECT * FROM `staff` WHERE  `cookie_name` = '3597b8b59b59787b479b2870bc596cbc' LIMIT 1 [ RunTime:0.000653s ]
[ error ] [0]方法参数错误:categoryName[E:\code\php\CTT-MS-app\thinkphp\library\think\App.php:282]
---------------------------------------------------------------
[ 2017-11-21T14:04:15+08:00 ] 10.2.130.178 10.2.130.115 GET /CTT-MS-app/query/stuffname?cookie=3597b8b59b59787b479b2870bc596cbc&categoryName=%E9%93%81%E9%80%9A%E6%9D%90%E6%96%99
[ info ] 10.2.130.178/CTT-MS-app/query/stuffname?cookie=3597b8b59b59787b479b2870bc596cbc&categoryName=%E9%93%81%E9%80%9A%E6%9D%90%E6%96%99 [运行时间：0.039182s][吞吐率：25.52req/s] [内存消耗：3,686.22kb] [文件加载：56]
[ info ] [ LANG ] E:\code\php\CTT-MS-app\thinkphp\lang\zh-cn.php
[ info ] [ ROUTE ] array (
  'type' => 'module',
  'module' => 
  array (
    0 => 'index',
    1 => 'Query',
    2 => 'stuffname',
  ),
  'convert' => false,
)
[ info ] [ HEADER ] array (
  'host' => '10.2.130.178',
  'connection' => 'keep-alive',
  'user-agent' => 'Mozilla/5.0 (Windows NT 10.0; WOW64) AppleWebKit/537.36 (KHTML, like Gecko) Chrome/60.0.3112.101 Safari/537.36',
  'accept' => '*/*',
  'accept-encoding' => 'gzip, deflate',
  'accept-language' => 'zh-CN,zh;q=0.8',
  'cookie' => 'staffname=3597b8b59b59787b479b2870bc596cbc',
)
[ info ] [ PARAM ] array (
  'cookie' => '3597b8b59b59787b479b2870bc596cbc',
  'categoryName' => '铁通材料',
)
[ info ] [ DB ] INIT mysql
[ info ] [ RUN ] app\index\controller\Query->stuffName[ E:\code\php\CTT-MS-app\application\index\controller\Query.php ]
[ info ] [ LOG ] INIT File
[ sql ] [ DB ] CONNECT:[ UseTime:0.001204s ] mysql:host=127.0.0.1;dbname=ctt-ms;charset=utf8
[ sql ] [ SQL ] SHOW COLUMNS FROM `staff` [ RunTime:0.001608s ]
[ sql ] [ SQL ] SELECT * FROM `staff` WHERE  `cookie_name` = '3597b8b59b59787b479b2870bc596cbc' LIMIT 1 [ RunTime:0.000523s ]
[ sql ] [ SQL ] SHOW COLUMNS FROM `stuff` [ RunTime:0.000708s ]
[ sql ] [ SQL ] SELECT `id`,`stuff_name` FROM `stuff` WHERE  `category_name` = '铁通材料' [ RunTime:0.000226s ]
---------------------------------------------------------------
[ 2017-11-21T18:38:26+08:00 ] ::1 ::1 GET /ctt-ms-app/login?staffname=123123&password=123123
[ info ] localhost/ctt-ms-app/login?staffname=123123&password=123123 [运行时间：0.821243s][吞吐率：1.22req/s] [内存消耗：3,294.32kb] [文件加载：53]
[ info ] [ LANG ] E:\code\php\CTT-MS-app\thinkphp\lang\zh-cn.php
[ info ] [ ROUTE ] array (
  'type' => 'module',
  'module' => 
  array (
    0 => 'index',
    1 => 'Auth',
    2 => 'login',
  ),
  'convert' => false,
)
[ info ] [ HEADER ] array (
  'host' => 'localhost',
  'connection' => 'keep-alive',
  'user-agent' => 'Mozilla/5.0 (Windows NT 10.0; Win64; x64) AppleWebKit/537.36 (KHTML, like Gecko) Chrome/62.0.3202.94 Safari/537.36',
  'upgrade-insecure-requests' => '1',
  'accept' => 'text/html,application/xhtml+xml,application/xml;q=0.9,image/webp,image/apng,*/*;q=0.8',
  'accept-encoding' => 'gzip, deflate, br',
  'accept-language' => 'zh-CN,zh;q=0.9',
  'cookie' => 'sessionid=ju6w82dp7v5kfniqmkqyz8oyr95hoi84; pgv_pvi=4484905984; _ga=GA1.1.203632370.1510848144; csrftoken=hP2kz6A2TThNEpfhLAqDRyRBIL6N1BjynFRQQe1Pbmw1jSePrYpG4BFXC6lWgmlw; PHPSESSID=p41p1p1sr1eegsek2nks371a53; username=dbb9970b86450f716e2b62a6afb0cadf',
)
[ info ] [ PARAM ] array (
  'staffname' => '123123',
  'password' => '123123',
)
[ info ] [ RUN ] app\index\controller\Auth->login[ E:\code\php\CTT-MS-app\application\index\controller\Auth.php ]
[ info ] [ DB ] INIT mysql
[ info ] [ LOG ] INIT File
[ sql ] [ DB ] CONNECT:[ UseTime:0.001124s ] mysql:host=127.0.0.1;dbname=ctt-ms;charset=utf8
[ sql ] [ SQL ] SHOW COLUMNS FROM `staff` [ RunTime:0.001049s ]
[ sql ] [ SQL ] SELECT * FROM `staff` WHERE  `phone` = '123123' LIMIT 1 [ RunTime:0.000857s ]
[ sql ] [ SQL ] UPDATE `staff`  SET `cookie_name`='fd7bd2da5e67b81fa504e33888f39084'  WHERE  `phone` = '123123' [ RunTime:0.000354s ]
---------------------------------------------------------------
[ 2017-11-21T18:38:48+08:00 ] ::1 ::1 GET /ctt-ms-app/check
[ info ] localhost/ctt-ms-app/check [运行时间：0.106331s][吞吐率：9.40req/s] [内存消耗：1,879.11kb] [文件加载：40]
[ info ] [ LANG ] E:\code\php\CTT-MS-app\thinkphp\lang\zh-cn.php
[ info ] [ ROUTE ] array (
  'type' => 'module',
  'module' => 
  array (
    0 => 'check',
    1 => NULL,
    2 => NULL,
  ),
)
[ info ] [ HEADER ] array (
  'host' => 'localhost',
  'connection' => 'keep-alive',
  'user-agent' => 'Mozilla/5.0 (Windows NT 10.0; Win64; x64) AppleWebKit/537.36 (KHTML, like Gecko) Chrome/62.0.3202.94 Safari/537.36',
  'upgrade-insecure-requests' => '1',
  'accept' => 'text/html,application/xhtml+xml,application/xml;q=0.9,image/webp,image/apng,*/*;q=0.8',
  'accept-encoding' => 'gzip, deflate, br',
  'accept-language' => 'zh-CN,zh;q=0.9',
  'cookie' => 'sessionid=ju6w82dp7v5kfniqmkqyz8oyr95hoi84; pgv_pvi=4484905984; _ga=GA1.1.203632370.1510848144; csrftoken=hP2kz6A2TThNEpfhLAqDRyRBIL6N1BjynFRQQe1Pbmw1jSePrYpG4BFXC6lWgmlw; PHPSESSID=p41p1p1sr1eegsek2nks371a53; username=dbb9970b86450f716e2b62a6afb0cadf; staffname=fd7bd2da5e67b81fa504e33888f39084',
)
[ info ] [ PARAM ] array (
)
[ info ] [ LOG ] INIT File
---------------------------------------------------------------
[ 2017-11-21T18:39:02+08:00 ] ::1 ::1 GET /ctt-ms-app/stuffapply/check
[ info ] localhost/ctt-ms-app/stuffapply/check [运行时间：0.033886s][吞吐率：29.51req/s] [内存消耗：1,882.63kb] [文件加载：41]
[ info ] [ LANG ] E:\code\php\CTT-MS-app\thinkphp\lang\zh-cn.php
[ info ] [ ROUTE ] array (
  'type' => 'module',
  'module' => 
  array (
    0 => 'index',
    1 => 'StuddApply',
    2 => 'check',
  ),
  'convert' => false,
)
[ info ] [ HEADER ] array (
  'host' => 'localhost',
  'connection' => 'keep-alive',
  'user-agent' => 'Mozilla/5.0 (Windows NT 10.0; Win64; x64) AppleWebKit/537.36 (KHTML, like Gecko) Chrome/62.0.3202.94 Safari/537.36',
  'upgrade-insecure-requests' => '1',
  'accept' => 'text/html,application/xhtml+xml,application/xml;q=0.9,image/webp,image/apng,*/*;q=0.8',
  'accept-encoding' => 'gzip, deflate, br',
  'accept-language' => 'zh-CN,zh;q=0.9',
  'cookie' => 'sessionid=ju6w82dp7v5kfniqmkqyz8oyr95hoi84; pgv_pvi=4484905984; _ga=GA1.1.203632370.1510848144; csrftoken=hP2kz6A2TThNEpfhLAqDRyRBIL6N1BjynFRQQe1Pbmw1jSePrYpG4BFXC6lWgmlw; PHPSESSID=p41p1p1sr1eegsek2nks371a53; username=dbb9970b86450f716e2b62a6afb0cadf; staffname=fd7bd2da5e67b81fa504e33888f39084',
)
[ info ] [ PARAM ] array (
)
[ info ] [ LOG ] INIT File
---------------------------------------------------------------
[ 2017-11-21T18:39:17+08:00 ] ::1 ::1 GET /ctt-ms-app/stuffapply/check
[ info ] localhost/ctt-ms-app/stuffapply/check [运行时间：0.115148s][吞吐率：8.68req/s] [内存消耗：3,748.68kb] [文件加载：58]
[ info ] [ LANG ] E:\code\php\CTT-MS-app\thinkphp\lang\zh-cn.php
[ info ] [ ROUTE ] array (
  'type' => 'module',
  'module' => 
  array (
    0 => 'index',
    1 => 'StuffApply',
    2 => 'check',
  ),
  'convert' => false,
)
[ info ] [ HEADER ] array (
  'host' => 'localhost',
  'connection' => 'keep-alive',
  'cache-control' => 'max-age=0',
  'user-agent' => 'Mozilla/5.0 (Windows NT 10.0; Win64; x64) AppleWebKit/537.36 (KHTML, like Gecko) Chrome/62.0.3202.94 Safari/537.36',
  'upgrade-insecure-requests' => '1',
  'accept' => 'text/html,application/xhtml+xml,application/xml;q=0.9,image/webp,image/apng,*/*;q=0.8',
  'accept-encoding' => 'gzip, deflate, br',
  'accept-language' => 'zh-CN,zh;q=0.9',
  'cookie' => 'sessionid=ju6w82dp7v5kfniqmkqyz8oyr95hoi84; pgv_pvi=4484905984; _ga=GA1.1.203632370.1510848144; csrftoken=hP2kz6A2TThNEpfhLAqDRyRBIL6N1BjynFRQQe1Pbmw1jSePrYpG4BFXC6lWgmlw; PHPSESSID=p41p1p1sr1eegsek2nks371a53; username=dbb9970b86450f716e2b62a6afb0cadf; staffname=fd7bd2da5e67b81fa504e33888f39084',
)
[ info ] [ PARAM ] array (
)
[ info ] [ DB ] INIT mysql
[ info ] [ RUN ] app\index\controller\StuffApply->check[ E:\code\php\CTT-MS-app\application\index\controller\StuffApply.php ]
[ info ] [ LOG ] INIT File
[ sql ] [ DB ] CONNECT:[ UseTime:0.001077s ] mysql:host=127.0.0.1;dbname=ctt-ms;charset=utf8
[ sql ] [ SQL ] SHOW COLUMNS FROM `staff` [ RunTime:0.000885s ]
[ sql ] [ SQL ] SELECT * FROM `staff` WHERE  `cookie_name` = 'fd7bd2da5e67b81fa504e33888f39084' LIMIT 1 [ RunTime:0.000557s ]
[ sql ] [ SQL ] SHOW COLUMNS FROM `stuff_out_record` [ RunTime:0.000802s ]
[ sql ] [ SQL ] SELECT * FROM `stuff_out_record` WHERE  `staff` = '张眼镜' [ RunTime:0.000367s ]
---------------------------------------------------------------
[ 2017-11-21T18:39:59+08:00 ] ::1 ::1 GET /ctt-ms-app/stuffapply/cancel
[ info ] localhost/ctt-ms-app/stuffapply/cancel [运行时间：0.042346s][吞吐率：23.61req/s] [内存消耗：3,788.70kb] [文件加载：59]
[ info ] [ LANG ] E:\code\php\CTT-MS-app\thinkphp\lang\zh-cn.php
[ info ] [ ROUTE ] array (
  'type' => 'module',
  'module' => 
  array (
    0 => 'index',
    1 => 'StuffApply',
    2 => 'cancel',
  ),
  'convert' => false,
)
[ info ] [ HEADER ] array (
  'host' => 'localhost',
  'connection' => 'keep-alive',
  'user-agent' => 'Mozilla/5.0 (Windows NT 10.0; Win64; x64) AppleWebKit/537.36 (KHTML, like Gecko) Chrome/62.0.3202.94 Safari/537.36',
  'upgrade-insecure-requests' => '1',
  'accept' => 'text/html,application/xhtml+xml,application/xml;q=0.9,image/webp,image/apng,*/*;q=0.8',
  'accept-encoding' => 'gzip, deflate, br',
  'accept-language' => 'zh-CN,zh;q=0.9',
  'cookie' => 'sessionid=ju6w82dp7v5kfniqmkqyz8oyr95hoi84; pgv_pvi=4484905984; _ga=GA1.1.203632370.1510848144; csrftoken=hP2kz6A2TThNEpfhLAqDRyRBIL6N1BjynFRQQe1Pbmw1jSePrYpG4BFXC6lWgmlw; PHPSESSID=p41p1p1sr1eegsek2nks371a53; username=dbb9970b86450f716e2b62a6afb0cadf; staffname=fd7bd2da5e67b81fa504e33888f39084',
)
[ info ] [ PARAM ] array (
)
[ info ] [ DB ] INIT mysql
[ info ] [ LOG ] INIT File
[ sql ] [ DB ] CONNECT:[ UseTime:0.001298s ] mysql:host=127.0.0.1;dbname=ctt-ms;charset=utf8
[ sql ] [ SQL ] SHOW COLUMNS FROM `staff` [ RunTime:0.000937s ]
[ sql ] [ SQL ] SELECT * FROM `staff` WHERE  `cookie_name` = 'fd7bd2da5e67b81fa504e33888f39084' LIMIT 1 [ RunTime:0.000564s ]
[ error ] [0]方法参数错误:id[E:\code\php\CTT-MS-app\thinkphp\library\think\App.php:282]
---------------------------------------------------------------
[ 2017-11-21T18:40:03+08:00 ] ::1 ::1 GET /ctt-ms-app/stuffapply/cancel?id=1
[ info ] localhost/ctt-ms-app/stuffapply/cancel?id=1 [运行时间：0.048768s][吞吐率：20.51req/s] [内存消耗：3,748.74kb] [文件加载：58]
[ info ] [ LANG ] E:\code\php\CTT-MS-app\thinkphp\lang\zh-cn.php
[ info ] [ ROUTE ] array (
  'type' => 'module',
  'module' => 
  array (
    0 => 'index',
    1 => 'StuffApply',
    2 => 'cancel',
  ),
  'convert' => false,
)
[ info ] [ HEADER ] array (
  'host' => 'localhost',
  'connection' => 'keep-alive',
  'user-agent' => 'Mozilla/5.0 (Windows NT 10.0; Win64; x64) AppleWebKit/537.36 (KHTML, like Gecko) Chrome/62.0.3202.94 Safari/537.36',
  'upgrade-insecure-requests' => '1',
  'accept' => 'text/html,application/xhtml+xml,application/xml;q=0.9,image/webp,image/apng,*/*;q=0.8',
  'accept-encoding' => 'gzip, deflate, br',
  'accept-language' => 'zh-CN,zh;q=0.9',
  'cookie' => 'sessionid=ju6w82dp7v5kfniqmkqyz8oyr95hoi84; pgv_pvi=4484905984; _ga=GA1.1.203632370.1510848144; csrftoken=hP2kz6A2TThNEpfhLAqDRyRBIL6N1BjynFRQQe1Pbmw1jSePrYpG4BFXC6lWgmlw; PHPSESSID=p41p1p1sr1eegsek2nks371a53; username=dbb9970b86450f716e2b62a6afb0cadf; staffname=fd7bd2da5e67b81fa504e33888f39084',
)
[ info ] [ PARAM ] array (
  'id' => '1',
)
[ info ] [ DB ] INIT mysql
[ info ] [ RUN ] app\index\controller\StuffApply->cancel[ E:\code\php\CTT-MS-app\application\index\controller\StuffApply.php ]
[ info ] [ LOG ] INIT File
[ sql ] [ DB ] CONNECT:[ UseTime:0.001196s ] mysql:host=127.0.0.1;dbname=ctt-ms;charset=utf8
[ sql ] [ SQL ] SHOW COLUMNS FROM `staff` [ RunTime:0.009212s ]
[ sql ] [ SQL ] SELECT * FROM `staff` WHERE  `cookie_name` = 'fd7bd2da5e67b81fa504e33888f39084' LIMIT 1 [ RunTime:0.000456s ]
[ sql ] [ SQL ] SHOW COLUMNS FROM `stuff_out_record` [ RunTime:0.000577s ]
[ sql ] [ SQL ] SELECT * FROM `stuff_out_record` WHERE  `id` = 1 LIMIT 1 [ RunTime:0.000294s ]
---------------------------------------------------------------
[ 2017-11-21T18:40:37+08:00 ] ::1 ::1 GET /ctt-ms-app/stuffapply/resubmit?id=1
[ info ] localhost/ctt-ms-app/stuffapply/resubmit?id=1 [运行时间：0.043122s][吞吐率：23.19req/s] [内存消耗：3,748.77kb] [文件加载：58]
[ info ] [ LANG ] E:\code\php\CTT-MS-app\thinkphp\lang\zh-cn.php
[ info ] [ ROUTE ] array (
  'type' => 'module',
  'module' => 
  array (
    0 => 'index',
    1 => 'StuffApply',
    2 => 'reSubmit',
  ),
  'convert' => false,
)
[ info ] [ HEADER ] array (
  'host' => 'localhost',
  'connection' => 'keep-alive',
  'user-agent' => 'Mozilla/5.0 (Windows NT 10.0; Win64; x64) AppleWebKit/537.36 (KHTML, like Gecko) Chrome/62.0.3202.94 Safari/537.36',
  'upgrade-insecure-requests' => '1',
  'accept' => 'text/html,application/xhtml+xml,application/xml;q=0.9,image/webp,image/apng,*/*;q=0.8',
  'accept-encoding' => 'gzip, deflate, br',
  'accept-language' => 'zh-CN,zh;q=0.9',
  'cookie' => 'sessionid=ju6w82dp7v5kfniqmkqyz8oyr95hoi84; pgv_pvi=4484905984; _ga=GA1.1.203632370.1510848144; csrftoken=hP2kz6A2TThNEpfhLAqDRyRBIL6N1BjynFRQQe1Pbmw1jSePrYpG4BFXC6lWgmlw; PHPSESSID=p41p1p1sr1eegsek2nks371a53; username=dbb9970b86450f716e2b62a6afb0cadf; staffname=fd7bd2da5e67b81fa504e33888f39084',
)
[ info ] [ PARAM ] array (
  'id' => '1',
)
[ info ] [ DB ] INIT mysql
[ info ] [ RUN ] app\index\controller\StuffApply->reSubmit[ E:\code\php\CTT-MS-app\application\index\controller\StuffApply.php ]
[ info ] [ LOG ] INIT File
[ sql ] [ DB ] CONNECT:[ UseTime:0.000867s ] mysql:host=127.0.0.1;dbname=ctt-ms;charset=utf8
[ sql ] [ SQL ] SHOW COLUMNS FROM `staff` [ RunTime:0.000684s ]
[ sql ] [ SQL ] SELECT * FROM `staff` WHERE  `cookie_name` = 'fd7bd2da5e67b81fa504e33888f39084' LIMIT 1 [ RunTime:0.000436s ]
[ sql ] [ SQL ] SHOW COLUMNS FROM `stuff_out_record` [ RunTime:0.000610s ]
[ sql ] [ SQL ] SELECT * FROM `stuff_out_record` WHERE  `id` = 1 LIMIT 1 [ RunTime:0.000579s ]
---------------------------------------------------------------
[ 2017-11-21T19:01:12+08:00 ] ::1 ::1 GET /ctt-ms-app/stuffapply/resubmit?id=1
[ info ] localhost/ctt-ms-app/stuffapply/resubmit?id=1 [运行时间：0.039112s][吞吐率：25.57req/s] [内存消耗：3,749.16kb] [文件加载：58]
[ info ] [ LANG ] E:\code\php\CTT-MS-app\thinkphp\lang\zh-cn.php
[ info ] [ ROUTE ] array (
  'type' => 'module',
  'module' => 
  array (
    0 => 'index',
    1 => 'StuffApply',
    2 => 'reSubmit',
  ),
  'convert' => false,
)
[ info ] [ HEADER ] array (
  'host' => 'localhost',
  'connection' => 'keep-alive',
  'cache-control' => 'max-age=0',
  'user-agent' => 'Mozilla/5.0 (Windows NT 10.0; Win64; x64) AppleWebKit/537.36 (KHTML, like Gecko) Chrome/62.0.3202.94 Safari/537.36',
  'upgrade-insecure-requests' => '1',
  'accept' => 'text/html,application/xhtml+xml,application/xml;q=0.9,image/webp,image/apng,*/*;q=0.8',
  'accept-encoding' => 'gzip, deflate, br',
  'accept-language' => 'zh-CN,zh;q=0.9',
  'cookie' => 'sessionid=ju6w82dp7v5kfniqmkqyz8oyr95hoi84; pgv_pvi=4484905984; _ga=GA1.1.203632370.1510848144; csrftoken=hP2kz6A2TThNEpfhLAqDRyRBIL6N1BjynFRQQe1Pbmw1jSePrYpG4BFXC6lWgmlw; PHPSESSID=p41p1p1sr1eegsek2nks371a53; username=dbb9970b86450f716e2b62a6afb0cadf; staffname=fd7bd2da5e67b81fa504e33888f39084',
)
[ info ] [ PARAM ] array (
  'id' => '1',
)
[ info ] [ DB ] INIT mysql
[ info ] [ RUN ] app\index\controller\StuffApply->reSubmit[ E:\code\php\CTT-MS-app\application\index\controller\StuffApply.php ]
[ info ] [ LOG ] INIT File
[ sql ] [ DB ] CONNECT:[ UseTime:0.001101s ] mysql:host=127.0.0.1;dbname=ctt-ms;charset=utf8
[ sql ] [ SQL ] SHOW COLUMNS FROM `staff` [ RunTime:0.000991s ]
[ sql ] [ SQL ] SELECT * FROM `staff` WHERE  `cookie_name` = 'fd7bd2da5e67b81fa504e33888f39084' LIMIT 1 [ RunTime:0.000560s ]
[ sql ] [ SQL ] SHOW COLUMNS FROM `stuff_out_record` [ RunTime:0.000628s ]
[ sql ] [ SQL ] SELECT * FROM `stuff_out_record` WHERE  `id` = 1 LIMIT 1 [ RunTime:0.000308s ]
---------------------------------------------------------------
[ 2017-11-21T19:01:13+08:00 ] ::1 ::1 GET /ctt-ms-app/stuffapply/resubmit?id=1
[ info ] localhost/ctt-ms-app/stuffapply/resubmit?id=1 [运行时间：0.035540s][吞吐率：28.14req/s] [内存消耗：3,749.16kb] [文件加载：58]
[ info ] [ LANG ] E:\code\php\CTT-MS-app\thinkphp\lang\zh-cn.php
[ info ] [ ROUTE ] array (
  'type' => 'module',
  'module' => 
  array (
    0 => 'index',
    1 => 'StuffApply',
    2 => 'reSubmit',
  ),
  'convert' => false,
)
[ info ] [ HEADER ] array (
  'host' => 'localhost',
  'connection' => 'keep-alive',
  'cache-control' => 'max-age=0',
  'user-agent' => 'Mozilla/5.0 (Windows NT 10.0; Win64; x64) AppleWebKit/537.36 (KHTML, like Gecko) Chrome/62.0.3202.94 Safari/537.36',
  'upgrade-insecure-requests' => '1',
  'accept' => 'text/html,application/xhtml+xml,application/xml;q=0.9,image/webp,image/apng,*/*;q=0.8',
  'accept-encoding' => 'gzip, deflate, br',
  'accept-language' => 'zh-CN,zh;q=0.9',
  'cookie' => 'sessionid=ju6w82dp7v5kfniqmkqyz8oyr95hoi84; pgv_pvi=4484905984; _ga=GA1.1.203632370.1510848144; csrftoken=hP2kz6A2TThNEpfhLAqDRyRBIL6N1BjynFRQQe1Pbmw1jSePrYpG4BFXC6lWgmlw; PHPSESSID=p41p1p1sr1eegsek2nks371a53; username=dbb9970b86450f716e2b62a6afb0cadf; staffname=fd7bd2da5e67b81fa504e33888f39084',
)
[ info ] [ PARAM ] array (
  'id' => '1',
)
[ info ] [ DB ] INIT mysql
[ info ] [ RUN ] app\index\controller\StuffApply->reSubmit[ E:\code\php\CTT-MS-app\application\index\controller\StuffApply.php ]
[ info ] [ LOG ] INIT File
[ sql ] [ DB ] CONNECT:[ UseTime:0.001079s ] mysql:host=127.0.0.1;dbname=ctt-ms;charset=utf8
[ sql ] [ SQL ] SHOW COLUMNS FROM `staff` [ RunTime:0.000867s ]
[ sql ] [ SQL ] SELECT * FROM `staff` WHERE  `cookie_name` = 'fd7bd2da5e67b81fa504e33888f39084' LIMIT 1 [ RunTime:0.000515s ]
[ sql ] [ SQL ] SHOW COLUMNS FROM `stuff_out_record` [ RunTime:0.000650s ]
[ sql ] [ SQL ] SELECT * FROM `stuff_out_record` WHERE  `id` = 1 LIMIT 1 [ RunTime:0.000323s ]
